2020-09-16 11:51:57,866 INFO [test_login.py-test_login:23] -自媒体登录输入数据，phone:13911111111 - code:246810 - exp:江苏传智播客教育科技股份有限公司
2020-09-16 11:52:05,392 INFO [loginPage.py-__init__:10] -自媒体登录页面
2020-09-16 11:52:05,393 INFO [loginPage.py-login:19] -输入手机号
2020-09-16 11:52:05,393 INFO [base.py-send_ele:62] -输入数据:13911111111
2020-09-16 11:52:05,393 INFO [base.py-search_ele:28] -操作元素:('css selector', 'input[placeholder="请输入手机号"]')
2020-09-16 11:52:05,637 INFO [loginPage.py-login:22] -输入验证码
2020-09-16 11:52:05,638 INFO [base.py-send_ele:62] -输入数据:246810
2020-09-16 11:52:05,638 INFO [base.py-search_ele:28] -操作元素:('css selector', 'input[placeholder="验证码"]')
2020-09-16 11:52:05,839 INFO [loginPage.py-login:25] -点击登录按钮
2020-09-16 11:52:05,839 INFO [base.py-click_ele:49] -执行点击操作
2020-09-16 11:52:05,840 INFO [base.py-search_ele:28] -操作元素:('class name', 'el-button--primary')
2020-09-16 11:52:06,012 INFO [homePage.py-__init__:10] -自媒体首页
2020-09-16 11:52:06,013 INFO [base.py-page_exits_text:77] -判断页面包含文本:江苏传智播客教育科技股份有限公司
2020-09-16 11:52:06,013 INFO [base.py-search_ele:28] -操作元素:('xpath', "//*[contains(text(),'江苏传智播客教育科技股份有限公司')]")
2020-09-16 11:52:07,049 INFO [base.py-page_exits_text:88] -页面存在元素:江苏传智播客教育科技股份有限公司
2020-09-16 11:52:07,052 INFO [homePage.py-__init__:10] -自媒体首页
2020-09-16 11:52:07,052 INFO [homePage.py-click_content_manage:14] -自媒体首页 点击内容管理
2020-09-16 11:52:07,052 INFO [base.py-click_ele:49] -执行点击操作
2020-09-16 11:52:07,053 INFO [base.py-search_ele:28] -操作元素:('xpath', "//div[@class='el-submenu__title']/span[text()='内容管理']")
2020-09-16 11:52:07,213 INFO [homePage.py-click_publish_article:21] -自媒体首页 点击发表文章
2020-09-16 11:52:07,219 INFO [base.py-click_ele:49] -执行点击操作
2020-09-16 11:52:07,220 INFO [base.py-search_ele:28] -操作元素:('xpath', "//li[@class='el-menu-item' and contains(text(),'发布文章')]")
2020-09-16 11:52:07,458 INFO [test_publish_article.py-test_publish_article:29] -发布文章: title:今天学习很快乐000013 - content:这都是发自内心的 - channel:linux - exp:新增文章成功
2020-09-16 11:52:07,462 INFO [publishArticlePage.py-__init__:10] -自媒体发布文章页面
2020-09-16 11:52:07,463 INFO [publishArticlePage.py-publish_article:20] -输入文章标题:今天学习很快乐000013
2020-09-16 11:52:07,463 INFO [base.py-send_ele:62] -输入数据:今天学习很快乐000013
2020-09-16 11:52:07,464 INFO [base.py-search_ele:28] -操作元素:('css selector', 'input[placeholder="文章名称"]')
2020-09-16 11:52:08,951 INFO [publishArticlePage.py-publish_article:23] -输入文章内容:这都是发自内心的
2020-09-16 11:52:08,994 INFO [base.py-send_ele:62] -输入数据:这都是发自内心的
2020-09-16 11:52:08,995 INFO [base.py-search_ele:28] -操作元素:('id', 'tinymce')
2020-09-16 11:52:09,192 INFO [publishArticlePage.py-publish_article:30] -选择封面
2020-09-16 11:52:09,193 INFO [base.py-click_ele:49] -执行点击操作
2020-09-16 11:52:09,193 INFO [base.py-search_ele:28] -操作元素:('xpath', "//span[@class='el-radio__label' and contains(text(),'无图')]")
2020-09-16 11:52:09,281 INFO [publishArticlePage.py-publish_article:33] -选择渠道
2020-09-16 11:52:09,281 INFO [base.py-click_ele:49] -执行点击操作
2020-09-16 11:52:09,281 INFO [base.py-search_ele:28] -操作元素:('css selector', 'input[placeholder="请选择"]')
2020-09-16 11:52:18,557 INFO [publishArticlePage.py-publish_article:38] -点击发表文章
2020-09-16 11:52:18,557 INFO [base.py-click_ele:49] -执行点击操作
2020-09-16 11:52:18,557 INFO [base.py-search_ele:28] -操作元素:('xpath', "//button[contains(@class,'el-button--primary')]/span[text()='发表']")
2020-09-16 11:52:18,622 INFO [publishArticlePage.py-__init__:10] -自媒体发布文章页面
2020-09-16 11:52:18,622 INFO [base.py-page_exits_text:77] -判断页面包含文本:新增文章成功
2020-09-16 11:52:18,623 INFO [base.py-search_ele:28] -操作元素:('xpath', "//*[contains(text(),'新增文章成功')]")
2020-09-16 11:52:19,651 INFO [base.py-page_exits_text:88] -页面存在元素:新增文章成功
2020-09-16 11:52:21,851 INFO [test_login.py-test_login:24] -后台登录: name:testid - passwd:testpwd123 - exp:欢迎 管理员
2020-09-16 11:52:29,912 INFO [loginPage.py-__init__:10] -后台管理登录页面
2020-09-16 11:52:29,913 INFO [loginPage.py-login:19] -输入用户名:testid
2020-09-16 11:52:29,913 INFO [base.py-send_ele:62] -输入数据:testid
2020-09-16 11:52:29,914 INFO [base.py-search_ele:28] -操作元素:('name', 'username')
2020-09-16 11:52:30,073 INFO [loginPage.py-login:22] -输入密码:testpwd123
2020-09-16 11:52:30,074 INFO [base.py-send_ele:62] -输入数据:testpwd123
2020-09-16 11:52:30,074 INFO [base.py-search_ele:28] -操作元素:('name', 'password')
2020-09-16 11:52:30,235 INFO [loginPage.py-login:28] -点击登录按钮
2020-09-16 11:52:30,236 INFO [base.py-click_ele:49] -执行点击操作
2020-09-16 11:52:30,236 INFO [base.py-search_ele:28] -操作元素:('id', 'inp1')
2020-09-16 11:52:30,319 INFO [loginPage.py-__init__:10] -后台管理登录页面
2020-09-16 11:52:30,319 INFO [base.py-page_exits_text:77] -判断页面包含文本:欢迎 管理员
2020-09-16 11:52:30,324 INFO [base.py-search_ele:28] -操作元素:('xpath', "//*[contains(text(),'欢迎 管理员')]")
2020-09-16 11:52:31,353 INFO [base.py-page_exits_text:88] -页面存在元素:欢迎 管理员
2020-09-16 11:52:31,363 INFO [homePage.py-__init__:10] -后台管理 首页
2020-09-16 11:52:31,364 INFO [homePage.py-click_info_manage:14] -点击信息管理
2020-09-16 11:52:31,364 INFO [base.py-click_ele:49] -执行点击操作
2020-09-16 11:52:31,365 INFO [base.py-search_ele:28] -操作元素:('link text', '信息管理')
2020-09-16 11:52:31,486 INFO [homePage.py-click_content_audit:21] -点击内容审核
2020-09-16 11:52:31,487 INFO [base.py-click_ele:49] -执行点击操作
2020-09-16 11:52:31,487 INFO [base.py-search_ele:28] -操作元素:('link text', '内容审核')
2020-09-16 11:52:32,701 INFO [test_audit.py-test_audit_article:27] -审核文章: article:今天学习很快乐000013 - exp:审核通过
2020-09-16 11:52:32,701 INFO [auditPage.py-__init__:17] -审核文章页面
2020-09-16 11:52:32,702 INFO [auditPage.py-query_article:25] -输入搜索文章标题:今天学习很快乐000013
2020-09-16 11:52:32,702 INFO [base.py-send_ele:62] -输入数据:今天学习很快乐000013
2020-09-16 11:52:32,702 INFO [base.py-search_ele:28] -操作元素:('css selector', 'input[placeholder="请输入: 文章名称"]')
2020-09-16 11:52:32,836 INFO [auditPage.py-query_article:28] -选择结束日期
2020-09-16 11:52:32,837 INFO [base.py-click_ele:49] -执行点击操作
2020-09-16 11:52:32,837 INFO [base.py-search_ele:28] -操作元素:('css selector', 'input[placeholder="选择结束时间"]')
2020-09-16 11:52:33,986 INFO [base.py-click_ele:49] -执行点击操作
2020-09-16 11:52:33,986 INFO [base.py-search_ele:28] -操作元素:('xpath', "//td[contains(@class,'available')]//span[contains(text(),'17')]")
2020-09-16 11:52:34,060 INFO [base.py-click_ele:49] -执行点击操作
2020-09-16 11:52:34,060 INFO [base.py-search_ele:28] -操作元素:('class name', 'is-plain')
2020-09-16 11:52:34,118 INFO [auditPage.py-query_article:37] -执行查询操作
2020-09-16 11:52:34,120 INFO [base.py-click_ele:49] -执行点击操作
2020-09-16 11:52:34,121 INFO [base.py-search_ele:28] -操作元素:('class name', 'find')
2020-09-16 11:52:34,180 INFO [auditPage.py-__init__:17] -审核文章页面
2020-09-16 11:52:35,181 INFO [auditPage.py-audit_article_pass:44] -点击文章通过按钮
2020-09-16 11:52:35,181 INFO [base.py-click_ele:49] -执行点击操作
2020-09-16 11:52:35,181 INFO [base.py-search_ele:28] -操作元素:('xpath', "//button/span[text()='通过']")
2020-09-16 11:52:35,254 INFO [auditPage.py-audit_article_pass:47] -点击文章通过弹窗确定按钮
2020-09-16 11:52:35,254 INFO [base.py-click_ele:49] -执行点击操作
2020-09-16 11:52:35,254 INFO [base.py-search_ele:28] -操作元素:('class name', 'el-button--primary')
2020-09-16 11:52:35,303 INFO [auditPage.py-__init__:17] -审核文章页面
2020-09-16 11:52:35,304 INFO [base.py-page_exits_text:77] -判断页面包含文本:审核通过
2020-09-16 11:52:35,304 INFO [base.py-search_ele:28] -操作元素:('xpath', "//*[contains(text(),'审核通过')]")
2020-09-16 11:52:35,322 INFO [base.py-page_exits_text:88] -页面存在元素:审核通过
2020-09-16 14:24:09,256 INFO [test_login.py-test_login:23] -自媒体登录输入数据，phone:13911111111 - code:246810 - exp:江苏传智播客教育科技股份有限公司
2020-09-16 14:24:17,536 INFO [loginPage.py-__init__:11] -自媒体登录页面
2020-09-16 14:24:17,536 INFO [loginPage.py-login:21] -输入手机号
2020-09-16 14:24:17,536 INFO [base.py-send_ele:62] -输入数据:13911111111
2020-09-16 14:24:17,536 INFO [base.py-search_ele:28] -操作元素:('css selector', 'input[placeholder="请输入手机号"]')
2020-09-16 14:24:17,749 INFO [loginPage.py-login:24] -输入验证码
2020-09-16 14:24:17,750 INFO [base.py-send_ele:62] -输入数据:246810
2020-09-16 14:24:17,750 INFO [base.py-search_ele:28] -操作元素:('css selector', 'input[placeholder="验证码"]')
2020-09-16 14:24:17,992 INFO [loginPage.py-login:27] -点击登录按钮
2020-09-16 14:24:17,992 INFO [base.py-click_ele:49] -执行点击操作
2020-09-16 14:24:17,992 INFO [base.py-search_ele:28] -操作元素:('class name', 'el-button--primary')
2020-09-16 14:24:18,181 INFO [homePage.py-__init__:10] -自媒体首页
2020-09-16 14:24:18,184 INFO [base.py-page_exits_text:77] -判断页面包含文本:江苏传智播客教育科技股份有限公司
2020-09-16 14:24:18,185 INFO [base.py-search_ele:28] -操作元素:('xpath', "//*[contains(text(),'江苏传智播客教育科技股份有限公司')]")
2020-09-16 14:24:19,425 INFO [base.py-page_exits_text:88] -页面存在元素:江苏传智播客教育科技股份有限公司
2020-09-16 14:24:19,438 INFO [homePage.py-__init__:10] -自媒体首页
2020-09-16 14:24:19,439 INFO [homePage.py-click_content_manage:15] -自媒体首页 点击内容管理
2020-09-16 14:24:19,439 INFO [base.py-click_ele:49] -执行点击操作
2020-09-16 14:24:19,440 INFO [base.py-search_ele:28] -操作元素:('xpath', "//div[@class='el-submenu__title']/span[text()='内容管理']")
2020-09-16 14:24:19,537 INFO [homePage.py-click_publish_article:23] -自媒体首页 点击发表文章
2020-09-16 14:24:19,537 INFO [base.py-click_ele:49] -执行点击操作
2020-09-16 14:24:19,538 INFO [base.py-search_ele:28] -操作元素:('xpath', "//li[@class='el-menu-item' and contains(text(),'发布文章')]")
2020-09-16 14:24:19,627 INFO [test_publish_article.py-test_publish_article:29] -发布文章: title:今天学习很快乐000013 - content:这都是发自内心的 - channel:linux - exp:新增文章成功
2020-09-16 14:24:19,628 INFO [publishArticlePage.py-__init__:10] -自媒体发布文章页面
2020-09-16 14:24:19,628 INFO [publishArticlePage.py-publish_article:21] -输入文章标题:今天学习很快乐000013
2020-09-16 14:24:19,629 INFO [base.py-send_ele:62] -输入数据:今天学习很快乐000013
2020-09-16 14:24:19,629 INFO [base.py-search_ele:28] -操作元素:('css selector', 'input[placeholder="文章名称"]')
2020-09-16 14:24:20,961 INFO [publishArticlePage.py-publish_article:24] -输入文章内容:这都是发自内心的
2020-09-16 14:24:21,005 INFO [base.py-send_ele:62] -输入数据:这都是发自内心的
2020-09-16 14:24:21,005 INFO [base.py-search_ele:28] -操作元素:('id', 'tinymce')
2020-09-16 14:24:21,225 INFO [publishArticlePage.py-publish_article:31] -选择封面
2020-09-16 14:24:21,225 INFO [base.py-click_ele:49] -执行点击操作
2020-09-16 14:24:21,226 INFO [base.py-search_ele:28] -操作元素:('xpath', "//span[@class='el-radio__label' and contains(text(),'无图')]")
2020-09-16 14:24:21,292 INFO [publishArticlePage.py-publish_article:34] -选择渠道
2020-09-16 14:24:21,292 INFO [base.py-click_ele:49] -执行点击操作
2020-09-16 14:24:21,293 INFO [base.py-search_ele:28] -操作元素:('css selector', 'input[placeholder="请选择"]')
2020-09-16 14:24:30,618 INFO [publishArticlePage.py-publish_article:39] -点击发表文章
2020-09-16 14:24:30,618 INFO [base.py-click_ele:49] -执行点击操作
2020-09-16 14:24:30,618 INFO [base.py-search_ele:28] -操作元素:('xpath', "//button[contains(@class,'el-button--primary')]/span[text()='发表']")
2020-09-16 14:24:30,677 INFO [publishArticlePage.py-__init__:10] -自媒体发布文章页面
2020-09-16 14:24:30,678 INFO [base.py-page_exits_text:77] -判断页面包含文本:新增文章成功
2020-09-16 14:24:30,678 INFO [base.py-search_ele:28] -操作元素:('xpath', "//*[contains(text(),'新增文章成功')]")
2020-09-16 14:24:31,697 INFO [base.py-page_exits_text:88] -页面存在元素:新增文章成功
2020-09-16 14:24:33,990 INFO [test_login.py-test_login:24] -后台登录: name:testid - passwd:testpwd123 - exp:欢迎 管理员
2020-09-16 14:24:41,504 INFO [loginPage.py-__init__:10] -后台管理登录页面
2020-09-16 14:24:41,505 INFO [loginPage.py-login:20] -输入用户名:testid
2020-09-16 14:24:41,505 INFO [base.py-send_ele:62] -输入数据:testid
2020-09-16 14:24:41,506 INFO [base.py-search_ele:28] -操作元素:('name', 'username')
2020-09-16 14:24:41,623 INFO [loginPage.py-login:23] -输入密码:testpwd123
2020-09-16 14:24:41,624 INFO [base.py-send_ele:62] -输入数据:testpwd123
2020-09-16 14:24:41,624 INFO [base.py-search_ele:28] -操作元素:('name', 'password')
2020-09-16 14:24:41,732 INFO [loginPage.py-login:29] -点击登录按钮
2020-09-16 14:24:41,733 INFO [base.py-click_ele:49] -执行点击操作
2020-09-16 14:24:41,733 INFO [base.py-search_ele:28] -操作元素:('id', 'inp1')
2020-09-16 14:24:41,796 INFO [loginPage.py-__init__:10] -后台管理登录页面
2020-09-16 14:24:41,797 INFO [base.py-page_exits_text:77] -判断页面包含文本:欢迎 管理员
2020-09-16 14:24:41,797 INFO [base.py-search_ele:28] -操作元素:('xpath', "//*[contains(text(),'欢迎 管理员')]")
2020-09-16 14:24:42,924 INFO [base.py-page_exits_text:88] -页面存在元素:欢迎 管理员
2020-09-16 14:24:42,936 INFO [homePage.py-__init__:10] -后台管理 首页
2020-09-16 14:24:42,937 INFO [homePage.py-click_info_manage:15] -点击信息管理
2020-09-16 14:24:42,937 INFO [base.py-click_ele:49] -执行点击操作
2020-09-16 14:24:42,938 INFO [base.py-search_ele:28] -操作元素:('link text', '信息管理')
2020-09-16 14:24:43,013 INFO [homePage.py-click_content_audit:23] -点击内容审核
2020-09-16 14:24:43,013 INFO [base.py-click_ele:49] -执行点击操作
2020-09-16 14:24:43,014 INFO [base.py-search_ele:28] -操作元素:('link text', '内容审核')
2020-09-16 14:24:44,167 INFO [test_audit.py-test_audit_article:27] -审核文章: article:今天学习很快乐000013 - exp:审核通过
2020-09-16 14:24:44,167 INFO [auditPage.py-__init__:17] -审核文章页面
2020-09-16 14:24:44,168 INFO [auditPage.py-query_article:26] -输入搜索文章标题:今天学习很快乐000013
2020-09-16 14:24:44,168 INFO [base.py-send_ele:62] -输入数据:今天学习很快乐000013
2020-09-16 14:24:44,169 INFO [base.py-search_ele:28] -操作元素:('css selector', 'input[placeholder="请输入: 文章名称"]')
2020-09-16 14:24:44,279 INFO [auditPage.py-query_article:29] -选择结束日期
2020-09-16 14:24:44,280 INFO [base.py-click_ele:49] -执行点击操作
2020-09-16 14:24:44,280 INFO [base.py-search_ele:28] -操作元素:('css selector', 'input[placeholder="选择结束时间"]')
2020-09-16 14:24:45,434 INFO [base.py-click_ele:49] -执行点击操作
2020-09-16 14:24:45,434 INFO [base.py-search_ele:28] -操作元素:('xpath', "//td[contains(@class,'available')]//span[contains(text(),'17')]")
2020-09-16 14:24:45,487 INFO [base.py-click_ele:49] -执行点击操作
2020-09-16 14:24:45,488 INFO [base.py-search_ele:28] -操作元素:('class name', 'is-plain')
2020-09-16 14:24:45,543 INFO [auditPage.py-query_article:38] -执行查询操作
2020-09-16 14:24:45,543 INFO [base.py-click_ele:49] -执行点击操作
2020-09-16 14:24:45,543 INFO [base.py-search_ele:28] -操作元素:('class name', 'find')
2020-09-16 14:24:45,593 INFO [auditPage.py-__init__:17] -审核文章页面
2020-09-16 14:24:46,594 INFO [auditPage.py-audit_article_pass:46] -点击文章通过按钮
2020-09-16 14:24:46,594 INFO [base.py-click_ele:49] -执行点击操作
2020-09-16 14:24:46,594 INFO [base.py-search_ele:28] -操作元素:('xpath', "//button/span[text()='通过']")
2020-09-16 14:24:46,669 INFO [auditPage.py-audit_article_pass:49] -点击文章通过弹窗确定按钮
2020-09-16 14:24:46,669 INFO [base.py-click_ele:49] -执行点击操作
2020-09-16 14:24:46,670 INFO [base.py-search_ele:28] -操作元素:('class name', 'el-button--primary')
2020-09-16 14:24:46,717 INFO [auditPage.py-__init__:17] -审核文章页面
2020-09-16 14:24:46,718 INFO [base.py-page_exits_text:77] -判断页面包含文本:审核通过
2020-09-16 14:24:46,719 INFO [base.py-search_ele:28] -操作元素:('xpath', "//*[contains(text(),'审核通过')]")
2020-09-16 14:24:46,734 INFO [base.py-page_exits_text:88] -页面存在元素:审核通过
